23:55:47 **** Incremental Build of configuration Debug for project Project 1 ****
make all 
Building file: ../src/Project 1.c
Invoking: GCC C Compiler
gcc -O0 -g3 -Wall -c -fmessage-length=0 -MMD -MP -MF"src/Project 1.d" -MT"src/Project\ 1.d" -o "src/Project 1.o" "../src/Project 1.c"
../src/Project 1.c: In function ‘PART_B’:
../src/Project 1.c:155:3: warning: implicit declaration of function ‘newFork’ [-Wimplicit-function-declaration]
   newFork(0, NUM_PROCESSES - 1, &pipefd, data, data_size, key, &stats);
   ^
../src/Project 1.c:96:4: warning: unused variable ‘num_processes’ [-Wunused-variable]
    num_processes, data_per_process,
    ^
../src/Project 1.c: In function ‘PART_C’:
../src/Project 1.c:180:4: warning: unused variable ‘num_processes’ [-Wunused-variable]
    num_processes, data_per_process,
    ^
../src/Project 1.c: In function ‘PART_D’:
../src/Project 1.c:319:4: warning: implicit declaration of function ‘newFork2’ [-Wimplicit-function-declaration]
    newFork2(0, 1, &pipefd, data, data_size, key, &stats);
    ^
../src/Project 1.c:258:4: warning: unused variable ‘num_processes’ [-Wunused-variable]
    num_processes, data_per_process,
    ^
../src/Project 1.c: At top level:
../src/Project 1.c:416:6: warning: conflicting types for ‘newFork’
 void newFork(int32_t i, int32_t n, int32_t * pipefd, int32_t data[], int32_t data_size, key_t key, int32_t * stats)
      ^
../src/Project 1.c:155:3: note: previous implicit declaration of ‘newFork’ was here
   newFork(0, NUM_PROCESSES - 1, &pipefd, data, data_size, key, &stats);
   ^
../src/Project 1.c: In function ‘newFork’:
../src/Project 1.c:419:5: warning: unused variable ‘num_processes’ [-Wunused-variable]
     num_processes, data_per_process,
     ^
../src/Project 1.c: At top level:
../src/Project 1.c:474:6: warning: conflicting types for ‘newFork2’
 void newFork2(int32_t i, int32_t n, int32_t * pipefd, int32_t data[], int32_t data_size, key_t key, int32_t * stats)
      ^
../src/Project 1.c:319:4: note: previous implicit declaration of ‘newFork2’ was here
    newFork2(0, 1, &pipefd, data, data_size, key, &stats);
    ^
../src/Project 1.c: In function ‘newFork2’:
../src/Project 1.c:477:5: warning: unused variable ‘num_processes’ [-Wunused-variable]
     num_processes, data_per_process,
     ^
Finished building: ../src/Project 1.c
 
Building target: Project 1
Invoking: GCC C Linker
gcc  -o "Project 1"  ./src/Project\ 1.o   
Finished building target: Project 1
 

23:55:47 Build Finished (took 175ms)

